# JRE version: Java(TM) SE Runtime Environment (8.0_391) (build 1.8.0_391-b13)
# Java VM: Java HotSpot(TM) 64-Bit Server VM (25.391-b13 mixed mode windows-amd64 compressed oops)
Heap:
 PSYoungGen      total 163328K, used 7253K [0x00000000eab00000, 0x00000000f5700000, 0x0000000100000000)
  eden space 150528K, 4% used [0x00000000eab00000,0x00000000eb215748,0x00000000f3e00000)
  from space 12800K, 0% used [0x00000000f3e00000,0x00000000f3e00000,0x00000000f4a80000)
  to   space 11776K, 0% used [0x00000000f4b80000,0x00000000f4b80000,0x00000000f5700000)
 ParOldGen       total 81408K, used 30747K [0x00000000c0000000, 0x00000000c4f80000, 0x00000000eab00000)
  object space 81408K, 37% used [0x00000000c0000000,0x00000000c1e06d78,0x00000000c4f80000)
 Metaspace       used 98911K, capacity 106652K, committed 106944K, reserved 1144832K
  class space    used 13886K, capacity 14442K, committed 14528K, reserved 1048576K
GC Heap History (10 events):
Event: 22.695 GC heap before
{Heap before GC invocations=18 (full 3):
 PSYoungGen      total 162304K, used 159319K [0x00000000eab00000, 0x00000000f5700000, 0x0000000100000000)
  eden space 150528K, 100% used [0x00000000eab00000,0x00000000f3e00000,0x00000000f3e00000)
  from space 11776K, 74% used [0x00000000f4b80000,0x00000000f5415f60,0x00000000f5700000)
  to   space 12800K, 0% used [0x00000000f3e00000,0x00000000f3e00000,0x00000000f4a80000)
 ParOldGen       total 81408K, used 26832K [0x00000000c0000000, 0x00000000c4f80000, 0x00000000eab00000)
  object space 81408K, 32% used [0x00000000c0000000,0x00000000c1a340b8,0x00000000c4f80000)
 Metaspace       used 84102K, capacity 89352K, committed 89600K, reserved 1126400K
  class space    used 11537K, capacity 11974K, committed 12032K, reserved 1048576K
Event: 22.718 GC heap after
Heap after GC invocations=18 (full 3):
 PSYoungGen      total 163328K, used 10787K [0x00000000eab00000, 0x00000000f5700000, 0x0000000100000000)
  eden space 150528K, 0% used [0x00000000eab00000,0x00000000eab00000,0x00000000f3e00000)
  from space 12800K, 84% used [0x00000000f3e00000,0x00000000f4888e30,0x00000000f4a80000)
  to   space 11776K, 0% used [0x00000000f4b80000,0x00000000f4b80000,0x00000000f5700000)
 ParOldGen       total 81408K, used 26840K [0x00000000c0000000, 0x00000000c4f80000, 0x00000000eab00000)
  object space 81408K, 32% used [0x00000000c0000000,0x00000000c1a360b8,0x00000000c4f80000)
 Metaspace       used 84102K, capacity 89352K, committed 89600K, reserved 1126400K
  class space    used 11537K, capacity 11974K, committed 12032K, reserved 1048576K
}
Event: 24.997 GC heap before
{Heap before GC invocations=19 (full 3):
 PSYoungGen      total 163328K, used 123126K [0x00000000eab00000, 0x00000000f5700000, 0x0000000100000000)
  eden space 150528K, 74% used [0x00000000eab00000,0x00000000f18b4b48,0x00000000f3e00000)
  from space 12800K, 84% used [0x00000000f3e00000,0x00000000f4888e30,0x00000000f4a80000)
  to   space 11776K, 0% used [0x00000000f4b80000,0x00000000f4b80000,0x00000000f5700000)
 ParOldGen       total 81408K, used 26840K [0x00000000c0000000, 0x00000000c4f80000, 0x00000000eab00000)
  object space 81408K, 32% used [0x00000000c0000000,0x00000000c1a360b8,0x00000000c4f80000)
 Metaspace       used 91797K, capacity 98450K, committed 98496K, reserved 1136640K
  class space    used 12711K, capacity 13204K, committed 13248K, reserved 1048576K
Event: 25.012 GC heap after
Heap after GC invocations=19 (full 3):
 PSYoungGen      total 162304K, used 11750K [0x00000000eab00000, 0x00000000f5700000, 0x0000000100000000)
  eden space 150528K, 0% used [0x00000000eab00000,0x00000000eab00000,0x00000000f3e00000)
  from space 11776K, 99% used [0x00000000f4b80000,0x00000000f56f9a20,0x00000000f5700000)
  to   space 12800K, 0% used [0x00000000f3e00000,0x00000000f3e00000,0x00000000f4a80000)
 ParOldGen       total 81408K, used 27370K [0x00000000c0000000, 0x00000000c4f80000, 0x00000000eab00000)
  object space 81408K, 33% used [0x00000000c0000000,0x00000000c1abaaf0,0x00000000c4f80000)
 Metaspace       used 91797K, capacity 98450K, committed 98496K, reserved 1136640K
  class space    used 12711K, capacity 13204K, committed 13248K, reserved 1048576K
}
Event: 25.012 GC heap before
{Heap before GC invocations=20 (full 4):
 PSYoungGen      total 162304K, used 11750K [0x00000000eab00000, 0x00000000f5700000, 0x0000000100000000)
  eden space 150528K, 0% used [0x00000000eab00000,0x00000000eab00000,0x00000000f3e00000)
  from space 11776K, 99% used [0x00000000f4b80000,0x00000000f56f9a20,0x00000000f5700000)
  to   space 12800K, 0% used [0x00000000f3e00000,0x00000000f3e00000,0x00000000f4a80000)
 ParOldGen       total 81408K, used 27370K [0x00000000c0000000, 0x00000000c4f80000, 0x00000000eab00000)
  object space 81408K, 33% used [0x00000000c0000000,0x00000000c1abaaf0,0x00000000c4f80000)
 Metaspace       used 91797K, capacity 98450K, committed 98496K, reserved 1136640K
  class space    used 12711K, capacity 13204K, committed 13248K, reserved 1048576K
Event: 25.167 GC heap after
Heap after GC invocations=20 (full 4):
 PSYoungGen      total 162304K, used 0K [0x00000000eab00000, 0x00000000f5700000, 0x0000000100000000)
  eden space 150528K, 0% used [0x00000000eab00000,0x00000000eab00000,0x00000000f3e00000)
  from space 11776K, 0% used [0x00000000f4b80000,0x00000000f4b80000,0x00000000f5700000)
  to   space 12800K, 0% used [0x00000000f3e00000,0x00000000f3e00000,0x00000000f4a80000)
 ParOldGen       total 81408K, used 29899K [0x00000000c0000000, 0x00000000c4f80000, 0x00000000eab00000)
  object space 81408K, 36% used [0x00000000c0000000,0x00000000c1d32c58,0x00000000c4f80000)
 Metaspace       used 91797K, capacity 98450K, committed 98496K, reserved 1136640K
  class space    used 12711K, capacity 13204K, committed 13248K, reserved 1048576K
}
Event: 27.581 GC heap before
{Heap before GC invocations=21 (full 4):
 PSYoungGen      total 162304K, used 97396K [0x00000000eab00000, 0x00000000f5700000, 0x0000000100000000)
  eden space 150528K, 64% used [0x00000000eab00000,0x00000000f0a1d0f8,0x00000000f3e00000)
  from space 11776K, 0% used [0x00000000f4b80000,0x00000000f4b80000,0x00000000f5700000)
  to   space 12800K, 0% used [0x00000000f3e00000,0x00000000f3e00000,0x00000000f4a80000)
 ParOldGen       total 81408K, used 29899K [0x00000000c0000000, 0x00000000c4f80000, 0x00000000eab00000)
  object space 81408K, 36% used [0x00000000c0000000,0x00000000c1d32c58,0x00000000c4f80000)
 Metaspace       used 98856K, capacity 106586K, committed 106688K, reserved 1146880K
  class space    used 13874K, capacity 14427K, committed 14528K, reserved 1048576K
Event: 27.593 GC heap after
Heap after GC invocations=21 (full 4):
 PSYoungGen      total 163328K, used 7101K [0x00000000eab00000, 0x00000000f5700000, 0x0000000100000000)
  eden space 150528K, 0% used [0x00000000eab00000,0x00000000eab00000,0x00000000f3e00000)
  from space 12800K, 55% used [0x00000000f3e00000,0x00000000f44ef6b0,0x00000000f4a80000)
  to   space 11776K, 0% used [0x00000000f4b80000,0x00000000f4b80000,0x00000000f5700000)
 ParOldGen       total 81408K, used 29907K [0x00000000c0000000, 0x00000000c4f80000, 0x00000000eab00000)
  object space 81408K, 36% used [0x00000000c0000000,0x00000000c1d34c58,0x00000000c4f80000)
 Metaspace       used 98856K, capacity 106586K, committed 106688K, reserved 1146880K
  class space    used 13874K, capacity 14427K, committed 14528K, reserved 1048576K
}
Event: 27.593 GC heap before
{Heap before GC invocations=22 (full 5):
 PSYoungGen      total 163328K, used 7101K [0x00000000eab00000, 0x00000000f5700000, 0x0000000100000000)
  eden space 150528K, 0% used [0x00000000eab00000,0x00000000eab00000,0x00000000f3e00000)
  from space 12800K, 55% used [0x00000000f3e00000,0x00000000f44ef6b0,0x00000000f4a80000)
  to   space 11776K, 0% used [0x00000000f4b80000,0x00000000f4b80000,0x00000000f5700000)
 ParOldGen       total 81408K, used 29907K [0x00000000c0000000, 0x00000000c4f80000, 0x00000000eab00000)
  object space 81408K, 36% used [0x00000000c0000000,0x00000000c1d34c58,0x00000000c4f80000)
 Metaspace       used 98856K, capacity 106586K, committed 106688K, reserved 1146880K
  class space    used 13874K, capacity 14427K, committed 14528K, reserved 1048576K
Event: 27.828 GC heap after
Heap after GC invocations=22 (full 5):
 PSYoungGen      total 163328K, used 0K [0x00000000eab00000, 0x00000000f5700000, 0x0000000100000000)
  eden space 150528K, 0% used [0x00000000eab00000,0x00000000eab00000,0x00000000f3e00000)
  from space 12800K, 0% used [0x00000000f3e00000,0x00000000f3e00000,0x00000000f4a80000)
  to   space 11776K, 0% used [0x00000000f4b80000,0x00000000f4b80000,0x00000000f5700000)
 ParOldGen       total 81408K, used 30747K [0x00000000c0000000, 0x00000000c4f80000, 0x00000000eab00000)
  object space 81408K, 37% used [0x00000000c0000000,0x00000000c1e06d78,0x00000000c4f80000)
 Metaspace       used 98856K, capacity 106586K, committed 106688K, reserved 1144832K
  class space    used 13874K, capacity 14427K, committed 14528K, reserved 1048576K
}

