# JRE version: Java(TM) SE Runtime Environment (8.0_391) (build 1.8.0_391-b13)
# Java VM: Java HotSpot(TM) 64-Bit Server VM (25.391-b13 mixed mode windows-amd64 compressed oops)
Heap:
 PSYoungGen      total 178688K, used 54212K [0x00000000eab00000, 0x00000000f6580000, 0x0000000100000000)
  eden space 168448K, 26% used [0x00000000eab00000,0x00000000ed5f3e68,0x00000000f4f80000)
  from space 10240K, 99% used [0x00000000f5a00000,0x00000000f63fd1f8,0x00000000f6400000)
  to   space 10752K, 0% used [0x00000000f4f80000,0x00000000f4f80000,0x00000000f5a00000)
 ParOldGen       total 117248K, used 27744K [0x00000000c0000000, 0x00000000c7280000, 0x00000000eab00000)
  object space 117248K, 23% used [0x00000000c0000000,0x00000000c1b18320,0x00000000c7280000)
 Metaspace       used 83135K, capacity 88120K, committed 88488K, reserved 1126400K
  class space    used 11385K, capacity 11819K, committed 11944K, reserved 1048576K
GC Heap History (10 events):
Event: 14.146 GC heap before
{Heap before GC invocations=13 (full 2):
 PSYoungGen      total 134144K, used 134112K [0x00000000eab00000, 0x00000000f3580000, 0x0000000100000000)
  eden space 127488K, 100% used [0x00000000eab00000,0x00000000f2780000,0x00000000f2780000)
  from space 6656K, 99% used [0x00000000f2e80000,0x00000000f34f8090,0x00000000f3500000)
  to   space 7168K, 0% used [0x00000000f2780000,0x00000000f2780000,0x00000000f2e80000)
 ParOldGen       total 78848K, used 11343K [0x00000000c0000000, 0x00000000c4d00000, 0x00000000eab00000)
  object space 78848K, 14% used [0x00000000c0000000,0x00000000c0b13d60,0x00000000c4d00000)
 Metaspace       used 49980K, capacity 53128K, committed 53160K, reserved 1095680K
  class space    used 6721K, capacity 7054K, committed 7080K, reserved 1048576K
Event: 14.179 GC heap after
Heap after GC invocations=13 (full 2):
 PSYoungGen      total 134656K, used 7161K [0x00000000eab00000, 0x00000000f6400000, 0x0000000100000000)
  eden space 127488K, 0% used [0x00000000eab00000,0x00000000eab00000,0x00000000f2780000)
  from space 7168K, 99% used [0x00000000f2780000,0x00000000f2e7e530,0x00000000f2e80000)
  to   space 10240K, 0% used [0x00000000f5a00000,0x00000000f5a00000,0x00000000f6400000)
 ParOldGen       total 78848K, used 17603K [0x00000000c0000000, 0x00000000c4d00000, 0x00000000eab00000)
  object space 78848K, 22% used [0x00000000c0000000,0x00000000c1130ec8,0x00000000c4d00000)
 Metaspace       used 49980K, capacity 53128K, committed 53160K, reserved 1095680K
  class space    used 6721K, capacity 7054K, committed 7080K, reserved 1048576K
}
Event: 15.587 GC heap before
{Heap before GC invocations=14 (full 2):
 PSYoungGen      total 134656K, used 78426K [0x00000000eab00000, 0x00000000f6400000, 0x0000000100000000)
  eden space 127488K, 55% used [0x00000000eab00000,0x00000000ef098368,0x00000000f2780000)
  from space 7168K, 99% used [0x00000000f2780000,0x00000000f2e7e530,0x00000000f2e80000)
  to   space 10240K, 0% used [0x00000000f5a00000,0x00000000f5a00000,0x00000000f6400000)
 ParOldGen       total 78848K, used 17603K [0x00000000c0000000, 0x00000000c4d00000, 0x00000000eab00000)
  object space 78848K, 22% used [0x00000000c0000000,0x00000000c1130ec8,0x00000000c4d00000)
 Metaspace       used 55802K, capacity 58940K, committed 59160K, reserved 1101824K
  class space    used 7419K, capacity 7739K, committed 7848K, reserved 1048576K
Event: 15.606 GC heap after
Heap after GC invocations=14 (full 2):
 PSYoungGen      total 178688K, used 9102K [0x00000000eab00000, 0x00000000f6580000, 0x0000000100000000)
  eden space 168448K, 0% used [0x00000000eab00000,0x00000000eab00000,0x00000000f4f80000)
  from space 10240K, 88% used [0x00000000f5a00000,0x00000000f62e3ac8,0x00000000f6400000)
  to   space 10752K, 0% used [0x00000000f4f80000,0x00000000f4f80000,0x00000000f5a00000)
 ParOldGen       total 78848K, used 20530K [0x00000000c0000000, 0x00000000c4d00000, 0x00000000eab00000)
  object space 78848K, 26% used [0x00000000c0000000,0x00000000c140cb68,0x00000000c4d00000)
 Metaspace       used 55802K, capacity 58940K, committed 59160K, reserved 1101824K
  class space    used 7419K, capacity 7739K, committed 7848K, reserved 1048576K
}
Event: 15.606 GC heap before
{Heap before GC invocations=15 (full 3):
 PSYoungGen      total 178688K, used 9102K [0x00000000eab00000, 0x00000000f6580000, 0x0000000100000000)
  eden space 168448K, 0% used [0x00000000eab00000,0x00000000eab00000,0x00000000f4f80000)
  from space 10240K, 88% used [0x00000000f5a00000,0x00000000f62e3ac8,0x00000000f6400000)
  to   space 10752K, 0% used [0x00000000f4f80000,0x00000000f4f80000,0x00000000f5a00000)
 ParOldGen       total 78848K, used 20530K [0x00000000c0000000, 0x00000000c4d00000, 0x00000000eab00000)
  object space 78848K, 26% used [0x00000000c0000000,0x00000000c140cb68,0x00000000c4d00000)
 Metaspace       used 55802K, capacity 58940K, committed 59160K, reserved 1101824K
  class space    used 7419K, capacity 7739K, committed 7848K, reserved 1048576K
Event: 15.817 GC heap after
Heap after GC invocations=15 (full 3):
 PSYoungGen      total 178688K, used 0K [0x00000000eab00000, 0x00000000f6580000, 0x0000000100000000)
  eden space 168448K, 0% used [0x00000000eab00000,0x00000000eab00000,0x00000000f4f80000)
  from space 10240K, 0% used [0x00000000f5a00000,0x00000000f5a00000,0x00000000f6400000)
  to   space 10752K, 0% used [0x00000000f4f80000,0x00000000f4f80000,0x00000000f5a00000)
 ParOldGen       total 117248K, used 21193K [0x00000000c0000000, 0x00000000c7280000, 0x00000000eab00000)
  object space 117248K, 18% used [0x00000000c0000000,0x00000000c14b2740,0x00000000c7280000)
 Metaspace       used 55800K, capacity 58934K, committed 59160K, reserved 1101824K
  class space    used 7419K, capacity 7738K, committed 7848K, reserved 1048576K
}
Event: 18.773 GC heap before
{Heap before GC invocations=16 (full 3):
 PSYoungGen      total 178688K, used 168448K [0x00000000eab00000, 0x00000000f6580000, 0x0000000100000000)
  eden space 168448K, 100% used [0x00000000eab00000,0x00000000f4f80000,0x00000000f4f80000)
  from space 10240K, 0% used [0x00000000f5a00000,0x00000000f5a00000,0x00000000f6400000)
  to   space 10752K, 0% used [0x00000000f4f80000,0x00000000f4f80000,0x00000000f5a00000)
 ParOldGen       total 117248K, used 21193K [0x00000000c0000000, 0x00000000c7280000, 0x00000000eab00000)
  object space 117248K, 18% used [0x00000000c0000000,0x00000000c14b2740,0x00000000c7280000)
 Metaspace       used 67133K, capacity 71068K, committed 71208K, reserved 1112064K
  class space    used 9125K, capacity 9505K, committed 9512K, reserved 1048576K
Event: 18.795 GC heap after
Heap after GC invocations=16 (full 3):
 PSYoungGen      total 179200K, used 10749K [0x00000000eab00000, 0x00000000f6580000, 0x0000000100000000)
  eden space 168448K, 0% used [0x00000000eab00000,0x00000000eab00000,0x00000000f4f80000)
  from space 10752K, 99% used [0x00000000f4f80000,0x00000000f59ff7f0,0x00000000f5a00000)
  to   space 10240K, 0% used [0x00000000f5a00000,0x00000000f5a00000,0x00000000f6400000)
 ParOldGen       total 117248K, used 23465K [0x00000000c0000000, 0x00000000c7280000, 0x00000000eab00000)
  object space 117248K, 20% used [0x00000000c0000000,0x00000000c16ea4b8,0x00000000c7280000)
 Metaspace       used 67133K, capacity 71068K, committed 71208K, reserved 1112064K
  class space    used 9125K, capacity 9505K, committed 9512K, reserved 1048576K
}
Event: 21.797 GC heap before
{Heap before GC invocations=17 (full 3):
 PSYoungGen      total 179200K, used 179197K [0x00000000eab00000, 0x00000000f6580000, 0x0000000100000000)
  eden space 168448K, 100% used [0x00000000eab00000,0x00000000f4f80000,0x00000000f4f80000)
  from space 10752K, 99% used [0x00000000f4f80000,0x00000000f59ff7f0,0x00000000f5a00000)
  to   space 10240K, 0% used [0x00000000f5a00000,0x00000000f5a00000,0x00000000f6400000)
 ParOldGen       total 117248K, used 23465K [0x00000000c0000000, 0x00000000c7280000, 0x00000000eab00000)
  object space 117248K, 20% used [0x00000000c0000000,0x00000000c16ea4b8,0x00000000c7280000)
 Metaspace       used 80525K, capacity 85458K, committed 85544K, reserved 1124352K
  class space    used 11079K, capacity 11513K, committed 11560K, reserved 1048576K
Event: 21.818 GC heap after
Heap after GC invocations=17 (full 3):
 PSYoungGen      total 178688K, used 10228K [0x00000000eab00000, 0x00000000f6580000, 0x0000000100000000)
  eden space 168448K, 0% used [0x00000000eab00000,0x00000000eab00000,0x00000000f4f80000)
  from space 10240K, 99% used [0x00000000f5a00000,0x00000000f63fd1f8,0x00000000f6400000)
  to   space 10752K, 0% used [0x00000000f4f80000,0x00000000f4f80000,0x00000000f5a00000)
 ParOldGen       total 117248K, used 27744K [0x00000000c0000000, 0x00000000c7280000, 0x00000000eab00000)
  object space 117248K, 23% used [0x00000000c0000000,0x00000000c1b18320,0x00000000c7280000)
 Metaspace       used 80525K, capacity 85458K, committed 85544K, reserved 1124352K
  class space    used 11079K, capacity 11513K, committed 11560K, reserved 1048576K
}

